<?xml version="1.0" encoding="UTF-8"?>
<!-- Generated by org.testng.reporters.JUnitXMLReporter -->
<testsuite ignored="0" hostname="SadhamHussain" failures="0" tests="3" name="Test" time="10.114" errors="0" timestamp="20 Jun 2024 17:46:40 GMT">
  <testcase classname="org.TestNGCheck.CheckingTNG" name="browser" time="5.891"/>
  <testcase classname="org.TestNGCheck.CheckingTNG" name="hey" time="0.001"/>
  <testcase classname="org.TestNGCheck.Employee" name="Checking" time="4.197"/>
</testsuite> <!-- Test -->
