<?xml version="1.0" encoding="UTF-8"?>
<testng-results ignored="0" total="1" passed="1" failed="0" skipped="0">
  <reporter-output>
  </reporter-output>
  <suite started-at="2024-08-03T19:00:24Z" name="Default suite" finished-at="2024-08-03T19:00:31Z" duration-ms="7862">
    <groups>
    </groups>
    <test started-at="2024-08-03T19:00:24Z" name="Default test" finished-at="2024-08-03T19:00:31Z" duration-ms="7862">
      <class name="org.create.Check">
        <test-method signature="helllo()[pri:0, instance:org.create.Check@54eb2b70]" started-at="2024-08-03T19:00:24Z" name="helllo" finished-at="2024-08-03T19:00:31Z" duration-ms="7842" status="PASS">
          <reporter-output>
          </reporter-output>
        </test-method> <!-- helllo -->
      </class> <!-- org.create.Check -->
    </test> <!-- Default test -->
  </suite> <!-- Default suite -->
</testng-results>
